<?xml version="1.0" encoding="UTF-8"?>
<!-- Generated by org.testng.reporters.JUnitXMLReporter -->
<testsuite ignored="0" hostname="DESKTOP-RQSL0MD" failures="0" tests="3" name="Unit Testcases1" time="0.063" errors="0" timestamp="2024-06-01T08:04:10 IST">
  <testcase classname="com.gentech.tests.Users.Users" name="createUser" time="0.005"/>
  <testcase classname="com.gentech.tests.Users.Users" name="modifyUser" time="0.002"/>
  <testcase classname="com.gentech.tests.Users.Users" name="deletUser" time="0.002"/>
</testsuite> <!-- Unit Testcases1 -->
