<?xml version="1.0" encoding="UTF-8"?>
<!-- Generated by org.testng.reporters.JUnitXMLReporter -->
<testsuite ignored="0" hostname="DESKTOP-RQSL0MD" failures="0" tests="3" name="Unit Testcases" time="0.067" errors="0" timestamp="2024-06-01T08:09:52 IST">
  <testcase classname="com.gentech.tests.parameters.Users" name="createUser" time="0.006"/>
  <testcase classname="com.gentech.tests.parameters.Users" name="modifyUser" time="0.002"/>
  <testcase classname="com.gentech.tests.parameters.Users" name="deletUser" time="0.002"/>
</testsuite> <!-- Unit Testcases -->
